{"/Users/richter/Downloads/playground/openai-demo/search.js": {"path":"/Users/richter/Downloads/playground/openai-demo/search.js","statementMap":{"0":{"start":{"line":8,"column":15},"end":{"line":44,"column":1}},"1":{"start":{"line":47,"column":20},"end":{"line":57,"column":3}},"2":{"start":{"line":48,"column":2},"end":{"line":57,"column":3}},"3":{"start":{"line":51,"column":8},"end":{"line":54,"column":10}},"4":{"start":{"line":60,"column":22},"end":{"line":63,"column":1}},"5":{"start":{"line":61,"column":16},"end":{"line":61,"column":35}},"6":{"start":{"line":62,"column":2},"end":{"line":62,"column":54}}},"fnMap":{"0":{"name":"(anonymous_0)","decl":{"start":{"line":47,"column":20},"end":{"line":47,"column":21}},"loc":{"start":{"line":48,"column":2},"end":{"line":57,"column":3}},"line":48},"1":{"name":"(anonymous_1)","decl":{"start":{"line":50,"column":6},"end":{"line":50,"column":7}},"loc":{"start":{"line":51,"column":8},"end":{"line":54,"column":10}},"line":51},"2":{"name":"(anonymous_2)","decl":{"start":{"line":60,"column":22},"end":{"line":60,"column":23}},"loc":{"start":{"line":60,"column":50},"end":{"line":63,"column":1}},"line":60}},"branchMap":{"0":{"loc":{"start":{"line":60,"column":36},"end":{"line":60,"column":45}},"type":"default-arg","locations":[{"start":{"line":60,"column":44},"end":{"line":60,"column":45}}],"line":60}},"s":{"0":1,"1":1,"2":1,"3":7,"4":1,"5":1,"6":1},"f":{"0":1,"1":7,"2":1},"b":{"0":[1]},"_coverageSchema":"1a1c01bbd47fc00a2c39e90264f33305004495a9","hash":"f0caf2f11307730dee2427d5fda05f6dabef69c0"}
}
